[debug] [2018-01-23T21:41:16.977Z] ----------------------------------------------------------------------
[debug] [2018-01-23T21:41:16.982Z] Command:       C:\Program Files\nodejs\node.exe C:\Users\Mambetova\AppData\Roaming\npm\node_modules\firebase-tools\bin\firebase deploy
[debug] [2018-01-23T21:41:16.983Z] CLI Version:   3.17.3
[debug] [2018-01-23T21:41:16.983Z] Platform:      win32
[debug] [2018-01-23T21:41:16.983Z] Node Version:  v8.9.4
[debug] [2018-01-23T21:41:16.985Z] Time:          Wed Jan 24 2018 00:41:16 GMT+0300 (Turkey Standard Time)
[debug] [2018-01-23T21:41:16.985Z] ----------------------------------------------------------------------
[debug] 
[debug] [2018-01-23T21:41:17.006Z] > command requires scopes: ["email","openid","https://www.googleapis.com/auth/cloudplatformprojects.readonly","https://www.googleapis.com/auth/firebase","https://www.googleapis.com/auth/cloud-platform"]
[debug] [2018-01-23T21:41:17.008Z] > authorizing via signed-in user
[debug] [2018-01-23T21:41:17.011Z] > refreshing access token with scopes: ["email","https://www.googleapis.com/auth/cloud-platform","https://www.googleapis.com/auth/cloudplatformprojects.readonly","https://www.googleapis.com/auth/firebase","openid"]
[debug] [2018-01-23T21:41:17.011Z] >>> HTTP REQUEST POST https://www.googleapis.com/oauth2/v3/token  
 { refresh_token: '1/ljjXQOu-XXg-E1B85JdGgLqeNSfM9UZKe2qarQpTVU8',
  client_id: '563584335869-fgrhgmd47bqnekij5i8b5pr03ho849e6.apps.googleusercontent.com',
  client_secret: 'j9iVZfS8kkCEFUPaAeJV0sAi',
  grant_type: 'refresh_token',
  scope: 'email https://www.googleapis.com/auth/cloud-platform https://www.googleapis.com/auth/cloudplatformprojects.readonly https://www.googleapis.com/auth/firebase openid' } 
 Wed Jan 24 2018 00:41:17 GMT+0300 (Turkey Standard Time)
[debug] [2018-01-23T21:41:17.376Z] <<< HTTP RESPONSE 200
[debug] [2018-01-23T21:41:17.429Z] >>> HTTP REQUEST GET https://admin.firebase.com/v1/projects/artbolot63  
  
 Wed Jan 24 2018 00:41:17 GMT+0300 (Turkey Standard Time)
[debug] [2018-01-23T21:41:18.244Z] <<< HTTP RESPONSE 200
[debug] [2018-01-23T21:41:18.245Z] >>> HTTP REQUEST GET https://admin.firebase.com/v1/database/artbolot63/tokens  
  
 Wed Jan 24 2018 00:41:18 GMT+0300 (Turkey Standard Time)
[debug] [2018-01-23T21:41:19.035Z] <<< HTTP RESPONSE 200
[info] 
[info] === Deploying to 'artbolot63'...
[info] 
[info] i  deploying hosting
[info] i  hosting: preparing public directory for upload...
[debug] [2018-01-23T21:42:19.454Z] >>> HTTP REQUEST PUT https://deploy.firebase.com/v1/hosting/artbolot63/uploads/-L3Zxy2ZspVq8gSfnHgB?fileCount=878&message=  
  
 Wed Jan 24 2018 00:42:19 GMT+0300 (Turkey Standard Time)
[debug] [2018-01-23T21:44:53.953Z] ----------------------------------------------------------------------
[debug] [2018-01-23T21:44:53.957Z] Command:       C:\Program Files\nodejs\node.exe C:\Users\Mambetova\AppData\Roaming\npm\node_modules\firebase-tools\bin\firebase deploy
[debug] [2018-01-23T21:44:53.958Z] CLI Version:   3.17.3
[debug] [2018-01-23T21:44:53.958Z] Platform:      win32
[debug] [2018-01-23T21:44:53.958Z] Node Version:  v8.9.4
[debug] [2018-01-23T21:44:53.960Z] Time:          Wed Jan 24 2018 00:44:53 GMT+0300 (Turkey Standard Time)
[debug] [2018-01-23T21:44:53.960Z] ----------------------------------------------------------------------
[debug] 
[debug] [2018-01-23T21:44:53.981Z] > command requires scopes: ["email","openid","https://www.googleapis.com/auth/cloudplatformprojects.readonly","https://www.googleapis.com/auth/firebase","https://www.googleapis.com/auth/cloud-platform"]
[debug] [2018-01-23T21:44:53.982Z] > authorizing via signed-in user
[debug] [2018-01-23T21:44:53.986Z] >>> HTTP REQUEST GET https://admin.firebase.com/v1/projects/artbolot63  
  
 Wed Jan 24 2018 00:44:53 GMT+0300 (Turkey Standard Time)
[debug] [2018-01-23T21:44:54.983Z] <<< HTTP RESPONSE 200
[debug] [2018-01-23T21:44:54.984Z] >>> HTTP REQUEST GET https://admin.firebase.com/v1/database/artbolot63/tokens  
  
 Wed Jan 24 2018 00:44:54 GMT+0300 (Turkey Standard Time)
[debug] [2018-01-23T21:44:55.720Z] <<< HTTP RESPONSE 200
[info] 
[info] === Deploying to 'artbolot63'...
[info] 
[info] i  deploying hosting
[info] i  hosting: preparing public directory for upload...
[debug] [2018-01-23T21:45:27.783Z] >>> HTTP REQUEST PUT https://deploy.firebase.com/v1/hosting/artbolot63/uploads/-L3ZymujQKvf2KjaZUUz?fileCount=805&message=  
  
 Wed Jan 24 2018 00:45:27 GMT+0300 (Turkey Standard Time)
